2026-05-19 22:24:15,351 INFO o.a.j.u.JMeterUtils: Setting Locale to en_EN
2026-05-19 22:24:15,374 INFO o.a.j.JMeter: Loading user properties from: /home/umair/Apps/apache-jmeter/bin/user.properties
2026-05-19 22:24:15,374 INFO o.a.j.JMeter: Loading system properties from: /home/umair/Apps/apache-jmeter/bin/system.properties
2026-05-19 22:24:15,386 INFO o.a.j.JMeter: Copyright (c) 1998-2024 The Apache Software Foundation
2026-05-19 22:24:15,389 INFO o.a.j.JMeter: Version 5.6.3
2026-05-19 22:24:15,389 INFO o.a.j.JMeter: java.version=25.0.3
2026-05-19 22:24:15,390 INFO o.a.j.JMeter: java.vm.name=OpenJDK 64-Bit Server VM
2026-05-19 22:24:15,390 INFO o.a.j.JMeter: os.name=Linux
2026-05-19 22:24:15,390 INFO o.a.j.JMeter: os.arch=amd64
2026-05-19 22:24:15,390 INFO o.a.j.JMeter: os.version=6.19.14+kali-amd64
2026-05-19 22:24:15,390 INFO o.a.j.JMeter: file.encoding=UTF-8
2026-05-19 22:24:15,390 INFO o.a.j.JMeter: java.awt.headless=true
2026-05-19 22:24:15,390 INFO o.a.j.JMeter: Max memory     =1073741824
2026-05-19 22:24:15,390 INFO o.a.j.JMeter: Available Processors =4
2026-05-19 22:24:15,414 INFO o.a.j.JMeter: Default Locale=English (EN)
2026-05-19 22:24:15,414 INFO o.a.j.JMeter: JMeter  Locale=English (EN)
2026-05-19 22:24:15,414 INFO o.a.j.JMeter: JMeterHome=/home/umair/Apps/apache-jmeter
2026-05-19 22:24:15,414 INFO o.a.j.JMeter: user.dir  =/home/umair/Projects/jmeter-testing
2026-05-19 22:24:15,415 INFO o.a.j.JMeter: PWD       =/home/umair/Projects/jmeter-testing
2026-05-19 22:24:15,415 INFO o.a.j.JMeter: IP: 127.0.1.1 Name: kali FullName: kali
2026-05-19 22:24:15,426 INFO o.a.j.JMeter: Setting property 'jmeter.reportgenerator.outputdir' to:'/home/umair/Projects/jmeter-testing/reports'
2026-05-19 22:24:15,429 INFO o.a.j.s.FileServer: Default base='/home/umair/Projects/jmeter-testing'
2026-05-19 22:24:15,431 INFO o.a.j.s.FileServer: Set new base='/home/umair/Projects/jmeter-testing'
2026-05-19 22:24:15,837 INFO o.a.j.s.SaveService: Testplan (JMX) version: 2.2. Testlog (JTL) version: 2.2
2026-05-19 22:24:15,864 INFO o.a.j.s.SaveService: Using SaveService properties version 5.0
2026-05-19 22:24:15,869 INFO o.a.j.s.SaveService: Using SaveService properties file encoding UTF-8
2026-05-19 22:24:15,874 INFO o.a.j.s.SaveService: Loading file: test_plan.jmx
2026-05-19 22:24:15,926 INFO o.a.j.p.h.s.HTTPSamplerBase: Parser for text/html is org.apache.jmeter.protocol.http.parser.LagartoBasedHtmlParser
2026-05-19 22:24:15,926 INFO o.a.j.p.h.s.HTTPSamplerBase: Parser for application/xhtml+xml is org.apache.jmeter.protocol.http.parser.LagartoBasedHtmlParser
2026-05-19 22:24:15,926 INFO o.a.j.p.h.s.HTTPSamplerBase: Parser for application/xml is org.apache.jmeter.protocol.http.parser.LagartoBasedHtmlParser
2026-05-19 22:24:15,927 INFO o.a.j.p.h.s.HTTPSamplerBase: Parser for text/xml is org.apache.jmeter.protocol.http.parser.LagartoBasedHtmlParser
2026-05-19 22:24:15,927 INFO o.a.j.p.h.s.HTTPSamplerBase: Parser for text/vnd.wap.wml is org.apache.jmeter.protocol.http.parser.RegexpHTMLParser
2026-05-19 22:24:15,927 INFO o.a.j.p.h.s.HTTPSamplerBase: Parser for text/css is org.apache.jmeter.protocol.http.parser.CssParser
2026-05-19 22:24:15,984 INFO o.a.j.JMeter: Creating summariser <summary>
2026-05-19 22:24:15,989 INFO o.a.j.r.d.ReportGenerator: ReportGenerator will use for Parsing the separator: ','
2026-05-19 22:24:15,990 INFO o.a.j.r.d.ReportGenerator: Will generate report at end of test from  results file: results/results.jtl
2026-05-19 22:24:15,990 INFO o.a.j.r.d.ReportGenerator: Reading report generator properties from: /home/umair/Apps/apache-jmeter/bin/reportgenerator.properties
2026-05-19 22:24:15,991 INFO o.a.j.r.d.ReportGenerator: Merging with JMeter properties
2026-05-19 22:24:15,997 INFO o.a.j.r.c.ReportGeneratorConfiguration: Property 'jmeter.reportgenerator.temp_dir' not found, using default value 'temp' instead.
2026-05-19 22:24:15,999 INFO o.a.j.r.c.ReportGeneratorConfiguration: Property 'jmeter.reportgenerator.apdex_per_transaction' not found, using default value 'null' instead.
2026-05-19 22:24:16,000 INFO o.a.j.r.c.ReportGeneratorConfiguration: apdex_per_transaction is empty, not APDEX per transaction customization
2026-05-19 22:24:16,000 INFO o.a.j.r.c.ReportGeneratorConfiguration: Property 'jmeter.reportgenerator.sample_filter' not found, using default value 'null' instead.
2026-05-19 22:24:16,000 INFO o.a.j.r.c.ReportGeneratorConfiguration: Property 'jmeter.reportgenerator.report_title' not found, using default value 'null' instead.
2026-05-19 22:24:16,000 INFO o.a.j.r.c.ReportGeneratorConfiguration: Property 'jmeter.reportgenerator.start_date' not found, using default value 'null' instead.
2026-05-19 22:24:16,000 INFO o.a.j.r.c.ReportGeneratorConfiguration: Property 'jmeter.reportgenerator.end_date' not found, using default value 'null' instead.
2026-05-19 22:24:16,000 INFO o.a.j.r.c.ReportGeneratorConfiguration: Property 'jmeter.reportgenerator.date_format' not found, using default value 'null' instead.
2026-05-19 22:24:16,001 INFO o.a.j.r.c.ReportGeneratorConfiguration: Will use date range start date: null, end date: null
2026-05-19 22:24:16,008 INFO o.a.j.r.c.ReportGeneratorConfiguration: Property 'jmeter.reportgenerator.graph.totalTPS.exclude_controllers' not found, using default value 'false' instead.
2026-05-19 22:24:16,008 INFO o.a.j.r.c.ReportGeneratorConfiguration: Property 'jmeter.reportgenerator.graph.activeThreadsOverTime.exclude_controllers' not found, using default value 'false' instead.
2026-05-19 22:24:16,008 INFO o.a.j.r.c.ReportGeneratorConfiguration: Property 'jmeter.reportgenerator.graph.timeVsThreads.exclude_controllers' not found, using default value 'false' instead.
2026-05-19 22:24:16,008 INFO o.a.j.r.c.ReportGeneratorConfiguration: Property 'jmeter.reportgenerator.graph.responseTimeDistribution.exclude_controllers' not found, using default value 'false' instead.
2026-05-19 22:24:16,008 INFO o.a.j.r.c.ReportGeneratorConfiguration: Property 'jmeter.reportgenerator.graph.transactionsPerSecond.exclude_controllers' not found, using default value 'false' instead.
2026-05-19 22:24:16,009 INFO o.a.j.r.c.ReportGeneratorConfiguration: Property 'jmeter.reportgenerator.graph.responseTimePercentiles.exclude_controllers' not found, using default value 'false' instead.
2026-05-19 22:24:16,009 INFO o.a.j.r.c.ReportGeneratorConfiguration: Property 'jmeter.reportgenerator.graph.responseTimePercentilesOverTime.exclude_controllers' not found, using default value 'false' instead.
2026-05-19 22:24:16,009 INFO o.a.j.r.c.ReportGeneratorConfiguration: Property 'jmeter.reportgenerator.graph.responseTimesOverTime.exclude_controllers' not found, using default value 'false' instead.
2026-05-19 22:24:16,009 INFO o.a.j.r.c.ReportGeneratorConfiguration: Property 'jmeter.reportgenerator.graph.connectTimeOverTime.exclude_controllers' not found, using default value 'false' instead.
2026-05-19 22:24:16,010 INFO o.a.j.r.c.ReportGeneratorConfiguration: Property 'jmeter.reportgenerator.graph.latenciesOverTime.exclude_controllers' not found, using default value 'false' instead.
2026-05-19 22:24:16,011 INFO o.a.j.r.c.ReportGeneratorConfiguration: Property 'jmeter.reportgenerator.exporter.json.filters_only_sample_series' not found, using default value 'true' instead.
2026-05-19 22:24:16,011 INFO o.a.j.r.c.ReportGeneratorConfiguration: Property 'jmeter.reportgenerator.exporter.json.series_filter' not found, using default value '' instead.
2026-05-19 22:24:16,011 INFO o.a.j.r.c.ReportGeneratorConfiguration: Property 'jmeter.reportgenerator.exporter.json.show_controllers_only' not found, using default value 'false' instead.
2026-05-19 22:24:16,012 INFO o.a.j.r.c.ReportGeneratorConfiguration: Property 'jmeter.reportgenerator.exporter.html.filters_only_sample_series' not found, using default value 'true' instead.
2026-05-19 22:24:16,012 INFO o.a.j.r.c.ReportGeneratorConfiguration: Property 'jmeter.reportgenerator.exporter.html.series_filter' not found, using default value '' instead.
2026-05-19 22:24:16,012 INFO o.a.j.r.c.ReportGeneratorConfiguration: Property 'jmeter.reportgenerator.exporter.html.show_controllers_only' not found, using default value 'false' instead.
2026-05-19 22:24:16,031 INFO o.a.j.e.StandardJMeterEngine: Running the test!
2026-05-19 22:24:16,032 INFO o.a.j.s.SampleEvent: List of sample_variables: []
2026-05-19 22:24:16,032 INFO o.a.j.s.SampleEvent: List of sample_variables: []
2026-05-19 22:24:16,037 INFO o.a.j.e.u.CompoundVariable: Note: Function class names must contain the string: '.functions.'
2026-05-19 22:24:16,038 INFO o.a.j.e.u.CompoundVariable: Note: Function class names must not contain the string: '.gui.'
2026-05-19 22:24:16,131 INFO o.a.j.JMeter: Running test (1779211456131)
2026-05-19 22:24:16,160 INFO o.a.j.e.StandardJMeterEngine: Starting ThreadGroup: 1 : Thread Group (Task 1)
2026-05-19 22:24:16,160 INFO o.a.j.e.StandardJMeterEngine: Starting 1 threads for group Thread Group (Task 1).
2026-05-19 22:24:16,161 INFO o.a.j.e.StandardJMeterEngine: Thread will continue on error
2026-05-19 22:24:16,161 INFO o.a.j.t.ThreadGroup: Starting thread group... number=1 threads=1 ramp-up=1 delayedStart=false
2026-05-19 22:24:16,168 INFO o.a.j.t.ThreadGroup: Started thread group number 1
2026-05-19 22:24:16,168 INFO o.a.j.e.StandardJMeterEngine: Starting ThreadGroup: 2 : CSV DATA-DRIVEN (Task 1 Part C)
2026-05-19 22:24:16,168 INFO o.a.j.e.StandardJMeterEngine: Starting 5 threads for group CSV DATA-DRIVEN (Task 1 Part C).
2026-05-19 22:24:16,168 INFO o.a.j.e.StandardJMeterEngine: Thread will continue on error
2026-05-19 22:24:16,168 INFO o.a.j.t.ThreadGroup: Starting thread group... number=2 threads=5 ramp-up=1 delayedStart=false
2026-05-19 22:24:16,171 INFO o.a.j.t.JMeterThread: Thread started: Thread Group (Task 1) 1-1
2026-05-19 22:24:16,172 INFO o.a.j.t.ThreadGroup: Started thread group number 2
2026-05-19 22:24:16,172 INFO o.a.j.e.StandardJMeterEngine: All thread groups have been started
2026-05-19 22:24:16,203 INFO o.a.j.p.h.s.HTTPHCAbstractImpl: Local host = kali
2026-05-19 22:24:16,230 INFO o.a.j.t.JMeterThread: Thread started: CSV DATA-DRIVEN (Task 1 Part C) 2-1
2026-05-19 22:24:16,232 INFO o.a.j.s.FileServer: Stored: /home/umair/Projects/jmeter-testing/test_data.csv
2026-05-19 22:24:16,233 INFO o.a.j.p.h.s.HTTPHC4Impl: HTTP request retry count = 0
2026-05-19 22:24:16,236 INFO o.a.j.s.SampleResult: Note: Sample TimeStamps are START times
2026-05-19 22:24:16,236 INFO o.a.j.s.SampleResult: sampleresult.default.encoding is set to UTF-8
2026-05-19 22:24:16,236 INFO o.a.j.s.SampleResult: sampleresult.useNanoTime=true
2026-05-19 22:24:16,236 INFO o.a.j.s.SampleResult: sampleresult.nanoThreadSleep=5000
2026-05-19 22:24:16,429 INFO o.a.j.t.JMeterThread: Thread started: CSV DATA-DRIVEN (Task 1 Part C) 2-2
2026-05-19 22:24:16,629 INFO o.a.j.t.JMeterThread: Thread started: CSV DATA-DRIVEN (Task 1 Part C) 2-3
2026-05-19 22:24:16,828 INFO o.a.j.t.JMeterThread: Thread started: CSV DATA-DRIVEN (Task 1 Part C) 2-4
2026-05-19 22:24:17,029 INFO o.a.j.t.JMeterThread: Thread started: CSV DATA-DRIVEN (Task 1 Part C) 2-5
2026-05-19 22:24:31,515 INFO o.a.j.p.h.s.h.LazyLayeredConnectionSocketFactory: Setting up HTTPS TrustAll Socket Factory
2026-05-19 22:24:31,520 INFO o.a.j.u.JsseSSLManager: Using default SSL protocol: TLS
2026-05-19 22:24:31,521 INFO o.a.j.u.JsseSSLManager: SSL session context: per-thread
2026-05-19 22:24:32,385 INFO o.a.j.u.SSLManager: JmeterKeyStore Location:  type JKS
2026-05-19 22:24:32,388 INFO o.a.j.u.SSLManager: KeyStore created OK
2026-05-19 22:24:32,389 WARN o.a.j.u.SSLManager: Keystore file not found, loading empty keystore
2026-05-19 22:24:34,042 INFO o.a.j.r.Summariser: summary +      1 in 00:00:18 =    0.1/s Avg: 16954 Min: 16954 Max: 16954 Err:     1 (100.00%) Active: 6 Started: 6 Finished: 0
2026-05-19 22:24:34,390 INFO o.a.j.t.JMeterThread: Thread is done: CSV DATA-DRIVEN (Task 1 Part C) 2-5
2026-05-19 22:24:34,391 INFO o.a.j.t.JMeterThread: Thread finished: CSV DATA-DRIVEN (Task 1 Part C) 2-5
2026-05-19 22:24:34,393 INFO o.a.j.t.JMeterThread: Thread is done: CSV DATA-DRIVEN (Task 1 Part C) 2-4
2026-05-19 22:24:34,394 INFO o.a.j.t.JMeterThread: Thread finished: CSV DATA-DRIVEN (Task 1 Part C) 2-4
2026-05-19 22:24:34,590 INFO o.a.j.t.JMeterThread: Thread is done: CSV DATA-DRIVEN (Task 1 Part C) 2-3
2026-05-19 22:24:34,590 INFO o.a.j.t.JMeterThread: Thread finished: CSV DATA-DRIVEN (Task 1 Part C) 2-3
2026-05-19 22:24:34,590 INFO o.a.j.t.JMeterThread: Thread is done: CSV DATA-DRIVEN (Task 1 Part C) 2-2
2026-05-19 22:24:34,590 INFO o.a.j.t.JMeterThread: Thread finished: CSV DATA-DRIVEN (Task 1 Part C) 2-2
2026-05-19 22:24:35,187 INFO o.a.j.t.JMeterThread: Thread is done: CSV DATA-DRIVEN (Task 1 Part C) 2-1
2026-05-19 22:24:35,187 INFO o.a.j.t.JMeterThread: Thread finished: CSV DATA-DRIVEN (Task 1 Part C) 2-1
2026-05-19 22:24:35,516 INFO o.a.j.t.JMeterThread: Thread is done: Thread Group (Task 1) 1-1
2026-05-19 22:24:35,516 INFO o.a.j.t.JMeterThread: Thread finished: Thread Group (Task 1) 1-1
2026-05-19 22:24:35,516 INFO o.a.j.e.StandardJMeterEngine: Notifying test listeners of end of test
2026-05-19 22:24:35,517 INFO o.a.j.s.FileServer: Close: /home/umair/Projects/jmeter-testing/test_data.csv
2026-05-19 22:24:35,521 INFO o.a.j.r.Summariser: summary +     13 in 00:00:01 =    8.8/s Avg:  7067 Min:   347 Max: 18279 Err:     1 (7.69%) Active: 0 Started: 6 Finished: 6
2026-05-19 22:24:35,521 INFO o.a.j.r.Summariser: summary =     14 in 00:00:19 =    0.7/s Avg:  7774 Min:   347 Max: 18279 Err:     2 (14.29%)
2026-05-19 22:24:35,522 INFO o.a.j.JMeter: Generating Dashboard
2026-05-19 22:24:35,522 INFO o.a.j.r.d.ReportGenerator: Flushing result collector before report Generation
2026-05-19 22:24:35,539 INFO o.a.j.r.p.NormalizerSampleConsumer: Using format, 'ms', to parse timeStamp field
2026-05-19 22:24:35,657 INFO o.a.j.r.p.AbstractSampleConsumer: class org.apache.jmeter.report.processor.AggregateConsumer#stopProducing(): beginDate produced 0 samples
2026-05-19 22:24:35,657 INFO o.a.j.r.p.AbstractSampleConsumer: class org.apache.jmeter.report.processor.AggregateConsumer#stopProducing(): endDate produced 0 samples
2026-05-19 22:24:35,659 INFO o.a.j.r.p.AbstractSampleConsumer: class org.apache.jmeter.report.processor.ApdexSummaryConsumer#stopProducing(): apdexSummary produced 0 samples
2026-05-19 22:24:35,660 INFO o.a.j.r.p.AbstractSampleConsumer: class org.apache.jmeter.report.processor.RequestsSummaryConsumer#stopProducing(): requestsSummary produced 0 samples
2026-05-19 22:24:35,672 INFO o.a.j.r.p.AbstractSampleConsumer: class org.apache.jmeter.report.processor.StatisticsSummaryConsumer#stopProducing(): statisticsSummary produced 0 samples
2026-05-19 22:24:35,674 INFO o.a.j.r.p.AbstractSampleConsumer: class org.apache.jmeter.report.processor.Top5ErrorsBySamplerConsumer#stopProducing(): top5ErrorsBySampler produced 0 samples
2026-05-19 22:24:35,675 INFO o.a.j.r.p.AbstractSampleConsumer: class org.apache.jmeter.report.processor.ErrorsSummaryConsumer#stopProducing(): errorsSummary produced 0 samples
2026-05-19 22:24:35,675 INFO o.a.j.r.p.AbstractSampleConsumer: class org.apache.jmeter.report.processor.graph.impl.HitsPerSecondGraphConsumer#stopProducing(): hitsPerSecond produced 0 samples
2026-05-19 22:24:35,687 INFO o.a.j.r.p.AbstractSampleConsumer: class org.apache.jmeter.report.processor.graph.impl.LatencyVSRequestGraphConsumer#stopProducing(): latencyVsRequest produced 0 samples
2026-05-19 22:24:35,687 INFO o.a.j.r.p.AbstractSampleConsumer: class org.apache.jmeter.report.processor.graph.impl.SyntheticResponseTimeDistributionGraphConsumer#stopProducing(): syntheticResponseTimeDistribution produced 0 samples
2026-05-19 22:24:35,688 INFO o.a.j.r.p.AbstractSampleConsumer: class org.apache.jmeter.report.processor.graph.impl.BytesThroughputGraphConsumer#stopProducing(): bytesThroughputOverTime produced 0 samples
2026-05-19 22:24:35,688 INFO o.a.j.r.p.AbstractSampleConsumer: class org.apache.jmeter.report.processor.graph.impl.CodesPerSecondGraphConsumer#stopProducing(): codesPerSecond produced 0 samples
2026-05-19 22:24:35,691 INFO o.a.j.r.p.AbstractSampleConsumer: class org.apache.jmeter.report.processor.graph.impl.ResponseTimeVSRequestGraphConsumer#stopProducing(): responseTimeVsRequest produced 0 samples
2026-05-19 22:24:35,691 INFO o.a.j.r.p.AbstractSampleConsumer: class org.apache.jmeter.report.processor.FilterConsumer#stopProducing(): startIntervalControlerFilter produced 98 samples
2026-05-19 22:24:35,691 INFO o.a.j.r.p.AbstractSampleConsumer: class org.apache.jmeter.report.processor.graph.impl.TotalTPSGraphConsumer#stopProducing(): totalTPS produced 0 samples
2026-05-19 22:24:35,691 INFO o.a.j.r.p.AbstractSampleConsumer: class org.apache.jmeter.report.processor.graph.impl.ActiveThreadsGraphConsumer#stopProducing(): activeThreadsOverTime produced 0 samples
2026-05-19 22:24:35,691 INFO o.a.j.r.p.AbstractSampleConsumer: class org.apache.jmeter.report.processor.graph.impl.TimeVSThreadGraphConsumer#stopProducing(): timeVsThreads produced 0 samples
2026-05-19 22:24:35,692 INFO o.a.j.r.p.AbstractSampleConsumer: class org.apache.jmeter.report.processor.graph.impl.ResponseTimeDistributionGraphConsumer#stopProducing(): responseTimeDistribution produced 0 samples
2026-05-19 22:24:35,692 INFO o.a.j.r.p.AbstractSampleConsumer: class org.apache.jmeter.report.processor.graph.impl.TransactionsPerSecondGraphConsumer#stopProducing(): transactionsPerSecond produced 0 samples
2026-05-19 22:24:35,692 INFO o.a.j.r.p.AbstractSampleConsumer: class org.apache.jmeter.report.processor.graph.impl.ResponseTimePercentilesGraphConsumer#stopProducing(): responseTimePercentiles produced 0 samples
2026-05-19 22:24:35,694 INFO o.a.j.r.p.AbstractSampleConsumer: class org.apache.jmeter.report.processor.graph.impl.ResponseTimePercentilesOverTimeGraphConsumer#stopProducing(): responseTimePercentilesOverTime produced 0 samples
2026-05-19 22:24:35,694 INFO o.a.j.r.p.AbstractSampleConsumer: class org.apache.jmeter.report.processor.graph.impl.ResponseTimeOverTimeGraphConsumer#stopProducing(): responseTimesOverTime produced 0 samples
2026-05-19 22:24:35,694 INFO o.a.j.r.p.AbstractSampleConsumer: class org.apache.jmeter.report.processor.graph.impl.ConnectTimeOverTimeGraphConsumer#stopProducing(): connectTimeOverTime produced 0 samples
2026-05-19 22:24:35,694 INFO o.a.j.r.p.AbstractSampleConsumer: class org.apache.jmeter.report.processor.graph.impl.LatencyOverTimeGraphConsumer#stopProducing(): latenciesOverTime produced 0 samples
2026-05-19 22:24:35,694 INFO o.a.j.r.p.AbstractSampleConsumer: class org.apache.jmeter.report.processor.FilterConsumer#stopProducing(): nameFilter produced 210 samples
2026-05-19 22:24:35,694 INFO o.a.j.r.p.AbstractSampleConsumer: class org.apache.jmeter.report.processor.FilterConsumer#stopProducing(): dateRangeFilter produced 42 samples
2026-05-19 22:24:35,694 INFO o.a.j.r.p.AbstractSampleConsumer: class org.apache.jmeter.report.processor.NormalizerSampleConsumer#stopProducing(): normalizer produced 14 samples
2026-05-19 22:24:35,695 INFO o.a.j.r.p.CsvFileSampleSource: produce(): 14 samples produced in 107ms on channel 0
2026-05-19 22:24:35,695 INFO o.a.j.r.d.ReportGenerator: Exporting data using exporter:'json' of className:'org.apache.jmeter.report.dashboard.JsonExporter'
2026-05-19 22:24:35,793 INFO o.a.j.r.d.JsonExporter: Found data for consumer statisticsSummary in context
2026-05-19 22:24:35,793 INFO o.a.j.r.d.JsonExporter: Creating statistics for overall
2026-05-19 22:24:35,794 INFO o.a.j.r.d.JsonExporter: Creating statistics for other transactions
2026-05-19 22:24:35,795 INFO o.a.j.r.d.JsonExporter: Checking output folder
2026-05-19 22:24:35,796 INFO o.a.j.r.d.JsonExporter: Writing statistics JSON to /home/umair/Projects/jmeter-testing/reports/statistics.json
2026-05-19 22:24:35,851 INFO o.a.j.r.d.ReportGenerator: Exporting data using exporter:'html' of className:'org.apache.jmeter.report.dashboard.HtmlTemplateExporter'
2026-05-19 22:24:35,854 INFO o.a.j.r.d.HtmlTemplateExporter: Will generate dashboard in folder: /home/umair/Projects/jmeter-testing/reports
2026-05-19 22:24:36,032 INFO o.a.j.r.d.HtmlTemplateExporter: Report will be generated in: /home/umair/Projects/jmeter-testing/reports, creating folder structure
2026-05-19 22:24:36,035 INFO o.a.j.r.d.TemplateVisitor: Copying folder from '/home/umair/Apps/apache-jmeter/bin/report-template' to '/home/umair/Projects/jmeter-testing/reports', got message: /home/umair/Projects/jmeter-testing/reports, found non empty folder with following content [/home/umair/Projects/jmeter-testing/reports/statistics.json], will be ignored
2026-05-19 22:24:36,419 INFO o.a.j.JMeter: Dashboard generated
